<?xml version="1.0" encoding="UTF-8"?>
<!-- Generated by org.testng.reporters.JUnitReportReporter -->
<testsuite hostname="LAPTOP-F88O3G0F" failures="0" tests="1" name="com.test.YouTube.VerifySearchtitle" time="7.160" errors="0" timestamp="2021-11-05T02:10:58 BDT" skipped="0">
  <testcase classname="com.test.YouTube.VerifySearchtitle" name="Searchtitle" time="7.160"/>
  <system-out/>
</testsuite> <!-- com.test.YouTube.VerifySearchtitle -->
