<?xml version="1.0" encoding="UTF-8"?>
<!-- Generated by org.testng.reporters.JUnitReportReporter -->
<testsuite hostname="LAPTOP-F88O3G0F" failures="0" tests="1" name="com.test.YouTube.YoutubeTest" time="81.089" errors="0" timestamp="2021-11-05T19:12:39 BDT" skipped="0">
  <testcase classname="com.test.YouTube.YoutubeTest" name="play" time="81.089"/>
  <system-out/>
</testsuite> <!-- com.test.YouTube.YoutubeTest -->
