<?xml version="1.0" encoding="UTF-8"?>
<!-- Generated by org.testng.reporters.JUnitReportReporter -->
<testsuite hostname="LAPTOP-F88O3G0F" failures="0" tests="1" name="com.test.YouTube.VerifyPageTitle" time="10.855" errors="0" timestamp="2021-11-05T02:23:31 BDT" skipped="0">
  <testcase classname="com.test.YouTube.VerifyPageTitle" name="pagetitle" time="10.855"/>
  <system-out/>
</testsuite> <!-- com.test.YouTube.VerifyPageTitle -->
